# JRE version: Java(TM) SE Runtime Environment (8.0_25-b17) (build 1.8.0_25-b17)
# Java VM: Java HotSpot(TM) 64-Bit Server VM (25.25-b02 mixed mode bsd-amd64 compressed oops)
Heap:
 PSYoungGen      total 284160K, used 179442K [0x00000007a0000000, 0x00000007b6700000, 0x00000007c0000000)
  eden space 214016K, 73% used [0x00000007a0000000,0x00000007a9aa8590,0x00000007ad100000)
  from space 70144K, 30% used [0x00000007b2280000,0x00000007b37143f8,0x00000007b6700000)
  to   space 76800K, 0% used [0x00000007ad100000,0x00000007ad100000,0x00000007b1c00000)
 ParOldGen       total 697344K, used 113192K [0x0000000760000000, 0x000000078a900000, 0x00000007a0000000)
  object space 697344K, 16% used [0x0000000760000000,0x0000000766e8a320,0x000000078a900000)
 Metaspace       used 95666K, capacity 96937K, committed 98560K, reserved 1130496K
  class space    used 17341K, capacity 17706K, committed 17920K, reserved 1048576K
GC Heap History (10 events):
Event: 5095.802 GC heap before
{Heap before GC invocations=20 (full 3):
 PSYoungGen      total 231936K, used 231906K [0x00000007a0000000, 0x00000007b3280000, 0x00000007c0000000)
  eden space 196096K, 100% used [0x00000007a0000000,0x00000007abf80000,0x00000007abf80000)
  from space 35840K, 99% used [0x00000007af280000,0x00000007b1578838,0x00000007b1580000)
  to   space 52224K, 0% used [0x00000007abf80000,0x00000007abf80000,0x00000007af280000)
 ParOldGen       total 497664K, used 77706K [0x0000000760000000, 0x000000077e600000, 0x00000007a0000000)
  object space 497664K, 15% used [0x0000000760000000,0x0000000764be2848,0x000000077e600000)
 Metaspace       used 95933K, capacity 97777K, committed 98176K, reserved 1130496K
  class space    used 17167K, capacity 17719K, committed 17792K, reserved 1048576K
Event: 5095.832 GC heap after
Heap after GC invocations=20 (full 3):
 PSYoungGen      total 245760K, used 52198K [0x00000007a0000000, 0x00000007b3e00000, 0x00000007c0000000)
  eden space 193536K, 0% used [0x00000007a0000000,0x00000007a0000000,0x00000007abd00000)
  from space 52224K, 99% used [0x00000007abf80000,0x00000007af279a58,0x00000007af280000)
  to   space 66048K, 0% used [0x00000007afd80000,0x00000007afd80000,0x00000007b3e00000)
 ParOldGen       total 497664K, used 95858K [0x0000000760000000, 0x000000077e600000, 0x00000007a0000000)
  object space 497664K, 19% used [0x0000000760000000,0x0000000765d9cb28,0x000000077e600000)
 Metaspace       used 95933K, capacity 97777K, committed 98176K, reserved 1130496K
  class space    used 17167K, capacity 17719K, committed 17792K, reserved 1048576K
}
Event: 5096.348 GC heap before
{Heap before GC invocations=21 (full 3):
 PSYoungGen      total 245760K, used 175740K [0x00000007a0000000, 0x00000007b3e00000, 0x00000007c0000000)
  eden space 193536K, 63% used [0x00000007a0000000,0x00000007a78a55b0,0x00000007abd00000)
  from space 52224K, 99% used [0x00000007abf80000,0x00000007af279a58,0x00000007af280000)
  to   space 66048K, 0% used [0x00000007afd80000,0x00000007afd80000,0x00000007b3e00000)
 ParOldGen       total 497664K, used 95858K [0x0000000760000000, 0x000000077e600000, 0x00000007a0000000)
  object space 497664K, 19% used [0x0000000760000000,0x0000000765d9cb28,0x000000077e600000)
 Metaspace       used 96553K, capacity 98377K, committed 98560K, reserved 1130496K
  class space    used 17287K, capacity 17851K, committed 17920K, reserved 1048576K
Event: 5096.396 GC heap after
Heap after GC invocations=21 (full 3):
 PSYoungGen      total 243200K, used 66043K [0x00000007a0000000, 0x00000007b8a80000, 0x00000007c0000000)
  eden space 177152K, 0% used [0x00000007a0000000,0x00000007a0000000,0x00000007aad00000)
  from space 66048K, 99% used [0x00000007afd80000,0x00000007b3dfeea0,0x00000007b3e00000)
  to   space 82432K, 0% used [0x00000007aad00000,0x00000007aad00000,0x00000007afd80000)
 ParOldGen       total 497664K, used 115065K [0x0000000760000000, 0x000000077e600000, 0x00000007a0000000)
  object space 497664K, 23% used [0x0000000760000000,0x000000076705e5d0,0x000000077e600000)
 Metaspace       used 96553K, capacity 98377K, committed 98560K, reserved 1130496K
  class space    used 17287K, capacity 17851K, committed 17920K, reserved 1048576K
}
Event: 5096.396 GC heap before
{Heap before GC invocations=22 (full 4):
 PSYoungGen      total 243200K, used 66043K [0x00000007a0000000, 0x00000007b8a80000, 0x00000007c0000000)
  eden space 177152K, 0% used [0x00000007a0000000,0x00000007a0000000,0x00000007aad00000)
  from space 66048K, 99% used [0x00000007afd80000,0x00000007b3dfeea0,0x00000007b3e00000)
  to   space 82432K, 0% used [0x00000007aad00000,0x00000007aad00000,0x00000007afd80000)
 ParOldGen       total 497664K, used 115065K [0x0000000760000000, 0x000000077e600000, 0x00000007a0000000)
  object space 497664K, 23% used [0x0000000760000000,0x000000076705e5d0,0x000000077e600000)
 Metaspace       used 96553K, capacity 98377K, committed 98560K, reserved 1130496K
  class space    used 17287K, capacity 17851K, committed 17920K, reserved 1048576K
Event: 5096.707 GC heap after
Heap after GC invocations=22 (full 4):
 PSYoungGen      total 243200K, used 0K [0x00000007a0000000, 0x00000007b8a80000, 0x00000007c0000000)
  eden space 177152K, 0% used [0x00000007a0000000,0x00000007a0000000,0x00000007aad00000)
  from space 66048K, 0% used [0x00000007afd80000,0x00000007afd80000,0x00000007b3e00000)
  to   space 82432K, 0% used [0x00000007aad00000,0x00000007aad00000,0x00000007afd80000)
 ParOldGen       total 697344K, used 113176K [0x0000000760000000, 0x000000078a900000, 0x00000007a0000000)
  object space 697344K, 16% used [0x0000000760000000,0x0000000766e86320,0x000000078a900000)
 Metaspace       used 92312K, capacity 93195K, committed 98560K, reserved 1130496K
  class space    used 16745K, capacity 16992K, committed 17920K, reserved 1048576K
}
Event: 5132.575 GC heap before
{Heap before GC invocations=23 (full 4):
 PSYoungGen      total 243200K, used 177152K [0x00000007a0000000, 0x00000007b8a80000, 0x00000007c0000000)
  eden space 177152K, 100% used [0x00000007a0000000,0x00000007aad00000,0x00000007aad00000)
  from space 66048K, 0% used [0x00000007afd80000,0x00000007afd80000,0x00000007b3e00000)
  to   space 82432K, 0% used [0x00000007aad00000,0x00000007aad00000,0x00000007afd80000)
 ParOldGen       total 697344K, used 113176K [0x0000000760000000, 0x000000078a900000, 0x00000007a0000000)
  object space 697344K, 16% used [0x0000000760000000,0x0000000766e86320,0x000000078a900000)
 Metaspace       used 93585K, capacity 94689K, committed 98560K, reserved 1130496K
  class space    used 16959K, capacity 17266K, committed 17920K, reserved 1048576K
Event: 5132.588 GC heap after
Heap after GC invocations=23 (full 4):
 PSYoungGen      total 259584K, used 33187K [0x00000007a0000000, 0x00000007b6f00000, 0x00000007c0000000)
  eden space 177152K, 0% used [0x00000007a0000000,0x00000007a0000000,0x00000007aad00000)
  from space 82432K, 40% used [0x00000007aad00000,0x00000007acd68f18,0x00000007afd80000)
  to   space 78336K, 0% used [0x00000007b2280000,0x00000007b2280000,0x00000007b6f00000)
 ParOldGen       total 697344K, used 113184K [0x0000000760000000, 0x000000078a900000, 0x00000007a0000000)
  object space 697344K, 16% used [0x0000000760000000,0x0000000766e88320,0x000000078a900000)
 Metaspace       used 93585K, capacity 94689K, committed 98560K, reserved 1130496K
  class space    used 16959K, capacity 17266K, committed 17920K, reserved 1048576K
}
Event: 5163.831 GC heap before
{Heap before GC invocations=24 (full 4):
 PSYoungGen      total 259584K, used 210339K [0x00000007a0000000, 0x00000007b6f00000, 0x00000007c0000000)
  eden space 177152K, 100% used [0x00000007a0000000,0x00000007aad00000,0x00000007aad00000)
  from space 82432K, 40% used [0x00000007aad00000,0x00000007acd68f18,0x00000007afd80000)
  to   space 78336K, 0% used [0x00000007b2280000,0x00000007b2280000,0x00000007b6f00000)
 ParOldGen       total 697344K, used 113184K [0x0000000760000000, 0x000000078a900000, 0x00000007a0000000)
  object space 697344K, 16% used [0x0000000760000000,0x0000000766e88320,0x000000078a900000)
 Metaspace       used 94681K, capacity 95855K, committed 98560K, reserved 1130496K
  class space    used 17192K, capacity 17541K, committed 17920K, reserved 1048576K
Event: 5163.841 GC heap after
Heap after GC invocations=24 (full 4):
 PSYoungGen      total 284160K, used 21072K [0x00000007a0000000, 0x00000007b6700000, 0x00000007c0000000)
  eden space 214016K, 0% used [0x00000007a0000000,0x00000007a0000000,0x00000007ad100000)
  from space 70144K, 30% used [0x00000007b2280000,0x00000007b37143f8,0x00000007b6700000)
  to   space 76800K, 0% used [0x00000007ad100000,0x00000007ad100000,0x00000007b1c00000)
 ParOldGen       total 697344K, used 113192K [0x0000000760000000, 0x000000078a900000, 0x00000007a0000000)
  object space 697344K, 16% used [0x0000000760000000,0x0000000766e8a320,0x000000078a900000)
 Metaspace       used 94681K, capacity 95855K, committed 98560K, reserved 1130496K
  class space    used 17192K, capacity 17541K, committed 17920K, reserved 1048576K
}

